<?xml version="1.0" encoding="UTF-8"?>
<testsuite name="com.example.boots_api.BootsApiApplicationTests" tests="1" skipped="0" failures="0" errors="0" timestamp="2022-09-13T16:00:06" hostname="DESKTOP-VDPICGS" time="0.236">
  <properties/>
  <testcase name="contextLoads()" classname="com.example.boots_api.BootsApiApplicationTests" time="0.236"/>
  <system-out><![CDATA[13:00:05.323 [Test worker] DEBUG org.springframework.test.context.BootstrapUtils - Instantiating CacheAwareContextLoaderDelegate from class [org.springframework.test.context.cache.DefaultCacheAwareContextLoaderDelegate]
13:00:05.329 [Test worker] DEBUG org.springframework.test.context.BootstrapUtils - Instantiating BootstrapContext using constructor [public org.springframework.test.context.support.DefaultBootstrapContext(java.lang.Class,org.springframework.test.context.CacheAwareContextLoaderDelegate)]
13:00:05.350 [Test worker] DEBUG org.springframework.test.context.BootstrapUtils - Instantiating TestContextBootstrapper for test class [com.example.boots_api.BootsApiApplicationTests] from class [org.springframework.boot.test.context.SpringBootTestContextBootstrapper]
13:00:05.356 [Test worker] INFO org.springframework.boot.test.context.SpringBootTestContextBootstrapper - Neither @ContextConfiguration nor @ContextHierarchy found for test class [com.example.boots_api.BootsApiApplicationTests], using SpringBootContextLoader
13:00:05.359 [Test worker] DEBUG org.springframework.test.context.support.AbstractContextLoader - Did not detect default resource location for test class [com.example.boots_api.BootsApiApplicationTests]: class path resource [com/example/boots_api/BootsApiApplicationTests-context.xml] does not exist
13:00:05.359 [Test worker] DEBUG org.springframework.test.context.support.AbstractContextLoader - Did not detect default resource location for test class [com.example.boots_api.BootsApiApplicationTests]: class path resource [com/example/boots_api/BootsApiApplicationTestsContext.groovy] does not exist
13:00:05.359 [Test worker] INFO org.springframework.test.context.support.AbstractContextLoader - Could not detect default resource locations for test class [com.example.boots_api.BootsApiApplicationTests]: no resource found for suffixes {-context.xml, Context.groovy}.
13:00:05.359 [Test worker] INFO org.springframework.test.context.support.AnnotationConfigContextLoaderUtils - Could not detect default configuration classes for test class [com.example.boots_api.BootsApiApplicationTests]: BootsApiApplicationTests does not declare any static, non-private, non-final, nested classes annotated with @Configuration.
13:00:05.384 [Test worker] DEBUG org.springframework.test.context.support.ActiveProfilesUtils - Could not find an 'annotation declaring class' for annotation type [org.springframework.test.context.ActiveProfiles] and class [com.example.boots_api.BootsApiApplicationTests]
13:00:05.415 [Test worker] DEBUG org.springframework.context.annotation.ClassPathScanningCandidateComponentProvider - Identified candidate component class: file [H:\codigos\boots_api\build\classes\java\main\com\example\boots_api\BootsApiApplication.class]
13:00:05.415 [Test worker] INFO org.springframework.boot.test.context.SpringBootTestContextBootstrapper - Found @SpringBootConfiguration com.example.boots_api.BootsApiApplication for test class com.example.boots_api.BootsApiApplicationTests
13:00:05.467 [Test worker] DEBUG org.springframework.boot.test.context.SpringBootTestContextBootstrapper - @TestExecutionListeners is not present for class [com.example.boots_api.BootsApiApplicationTests]: using defaults.
13:00:05.467 [Test worker] INFO org.springframework.boot.test.context.SpringBootTestContextBootstrapper - Loaded default TestExecutionListener class names from location [META-INF/spring.factories]: [org.springframework.boot.test.autoconfigure.restdocs.RestDocsTestExecutionListener, org.springframework.boot.test.autoconfigure.web.client.MockRestServiceServerResetTestExecutionListener, org.springframework.boot.test.autoconfigure.web.servlet.MockMvcPrintOnlyOnFailureTestExecutionListener, org.springframework.boot.test.autoconfigure.web.servlet.WebDriverTestExecutionListener, org.springframework.boot.test.autoconfigure.webservices.client.MockWebServiceServerTestExecutionListener, org.springframework.boot.test.mock.mockito.MockitoTestExecutionListener, org.springframework.boot.test.mock.mockito.ResetMocksTestExecutionListener, org.springframework.test.context.web.ServletTestExecutionListener, org.springframework.test.context.support.DirtiesContextBeforeModesTestExecutionListener, org.springframework.test.context.event.ApplicationEventsTestExecutionListener, org.springframework.test.context.support.DependencyInjectionTestExecutionListener, org.springframework.test.context.support.DirtiesContextTestExecutionListener, org.springframework.test.context.transaction.TransactionalTestExecutionListener, org.springframework.test.context.jdbc.SqlScriptsTestExecutionListener, org.springframework.test.context.event.EventPublishingTestExecutionListener]
13:00:05.473 [Test worker] DEBUG org.springframework.boot.test.context.SpringBootTestContextBootstrapper - Skipping candidate TestExecutionListener [org.springframework.test.context.transaction.TransactionalTestExecutionListener] due to a missing dependency. Specify custom listener classes or make the default listener classes and their required dependencies available. Offending class: [org/springframework/transaction/interceptor/TransactionAttributeSource]
13:00:05.473 [Test worker] DEBUG org.springframework.boot.test.context.SpringBootTestContextBootstrapper - Skipping candidate TestExecutionListener [org.springframework.test.context.jdbc.SqlScriptsTestExecutionListener] due to a missing dependency. Specify custom listener classes or make the default listener classes and their required dependencies available. Offending class: [org/springframework/transaction/interceptor/TransactionAttribute]
13:00:05.473 [Test worker] INFO org.springframework.boot.test.context.SpringBootTestContextBootstrapper - Using TestExecutionListeners: [org.springframework.test.context.web.ServletTestExecutionListener@2364305a, org.springframework.test.context.support.DirtiesContextBeforeModesTestExecutionListener@470a696f, org.springframework.test.context.event.ApplicationEventsTestExecutionListener@1bc715b8, org.springframework.boot.test.mock.mockito.MockitoTestExecutionListener@292d1c71, org.springframework.boot.test.autoconfigure.SpringBootDependencyInjectionTestExecutionListener@2b491fee, org.springframework.test.context.support.DirtiesContextTestExecutionListener@3f1c5af9, org.springframework.test.context.event.EventPublishingTestExecutionListener@1c55f277, org.springframework.boot.test.autoconfigure.restdocs.RestDocsTestExecutionListener@5ddabb18, org.springframework.boot.test.autoconfigure.web.client.MockRestServiceServerResetTestExecutionListener@3e8f7922, org.springframework.boot.test.autoconfigure.web.servlet.MockMvcPrintOnlyOnFailureTestExecutionListener@63192798, org.springframework.boot.test.autoconfigure.web.servlet.WebDriverTestExecutionListener@50eca7c6, org.springframework.boot.test.autoconfigure.webservices.client.MockWebServiceServerTestExecutionListener@58e6d4b8, org.springframework.boot.test.mock.mockito.ResetMocksTestExecutionListener@1de5f0ef]
13:00:05.476 [Test worker] DEBUG org.springframework.test.context.support.AbstractDirtiesContextTestExecutionListener - Before test class: context [DefaultTestContext@6f0ca692 testClass = BootsApiApplicationTests, testInstance = [null], testMethod = [null], testException = [null], mergedContextConfiguration = [WebMergedContextConfiguration@2c104774 testClass = BootsApiApplicationTests, locations = '{}', classes = '{class com.example.boots_api.BootsApiApplication}', contextInitializerClasses = '[]', activeProfiles = '{}', propertySourceLocations = '{}', propertySourceProperties = '{org.springframework.boot.test.context.SpringBootTestContextBootstrapper=true}', contextCustomizers = set[org.springframework.boot.test.autoconfigure.actuate.metrics.MetricsExportContextCustomizerFactory$DisableMetricExportContextCustomizer@49964d75, org.springframework.boot.test.autoconfigure.properties.PropertyMappingContextCustomizer@0, org.springframework.boot.test.autoconfigure.web.servlet.WebDriverContextCustomizerFactory$Customizer@19e4fcac, org.springframework.boot.test.context.filter.ExcludeFilterContextCustomizer@21fd5faa, org.springframework.boot.test.json.DuplicateJsonObjectContextCustomizerFactory$DuplicateJsonObjectContextCustomizer@3fc9504b, org.springframework.boot.test.mock.mockito.MockitoContextCustomizer@0, org.springframework.boot.test.web.client.TestRestTemplateContextCustomizer@7f132176, org.springframework.boot.test.context.SpringBootTestArgs@1, org.springframework.boot.test.context.SpringBootTestWebEnvironment@5fd4f8f5], resourceBasePath = 'src/main/webapp', contextLoader = 'org.springframework.boot.test.context.SpringBootContextLoader', parent = [null]], attributes = map['org.springframework.test.context.web.ServletTestExecutionListener.activateListener' -> true]], class annotated with @DirtiesContext [false] with mode [null].

  .   ____          _            __ _ _
 /\\ / ___'_ __ _ _(_)_ __  __ _ \ \ \ \
( ( )\___ | '_ | '_| | '_ \/ _` | \ \ \ \
 \\/  ___)| |_)| | | | | || (_| |  ) ) ) )
  '  |____| .__|_| |_|_| |_\__, | / / / /
 =========|_|==============|___/=/_/_/_/
 :: Spring Boot ::                (v2.7.3)

2022-09-13 13:00:05.639  INFO 66996 --- [    Test worker] c.e.boots_api.BootsApiApplicationTests   : Starting BootsApiApplicationTests using Java 18.0.1.1 on DESKTOP-VDPICGS with PID 66996 (started by guy in H:\codigos\boots_api)
2022-09-13 13:00:05.640  INFO 66996 --- [    Test worker] c.e.boots_api.BootsApiApplicationTests   : No active profile set, falling back to 1 default profile: "default"
2022-09-13 13:00:06.406  INFO 66996 --- [    Test worker] c.e.boots_api.BootsApiApplicationTests   : Started BootsApiApplicationTests in 0.907 seconds (JVM running for 1.569)
]]></system-out>
  <system-err><![CDATA[]]></system-err>
</testsuite>
